<?xml version="1.0" encoding="UTF-8"?>
<!-- Generated by org.testng.reporters.JUnitXMLReporter -->
<testsuite ignored="10" hostname="IN-BQ6WPQ3" failures="0" tests="1" name="Default test" time="64.653" errors="0" timestamp="2024-11-27T22:47:14 IST">
  <testcase classname="glintReports.GlintReportsLogin" name="TC_010" time="15.524"/>
  <testcase classname="glintReports.GlintReportsLogin" name="TC_007" time="0.0">
    <ignored/>
  </testcase> <!-- TC_007 -->
  <testcase classname="glintReports.GlintReportsLogin" name="TC_001" time="0.0">
    <ignored/>
  </testcase> <!-- TC_001 -->
  <testcase classname="glintReports.GlintReportsLogin" name="TC_002" time="0.0">
    <ignored/>
  </testcase> <!-- TC_002 -->
  <testcase classname="glintReports.GlintReportsLogin" name="TC_004" time="0.0">
    <ignored/>
  </testcase> <!-- TC_004 -->
  <testcase classname="glintReports.GlintReportsLogin" name="TC_005" time="0.0">
    <ignored/>
  </testcase> <!-- TC_005 -->
  <testcase classname="glintReports.GlintReportsLogin" name="TC_006" time="0.0">
    <ignored/>
  </testcase> <!-- TC_006 -->
  <testcase classname="glintReports.GlintReportsLogin" name="TC_008" time="0.0">
    <ignored/>
  </testcase> <!-- TC_008 -->
  <testcase classname="glintReports.GlintReportsLogin" name="TC_009" time="0.0">
    <ignored/>
  </testcase> <!-- TC_009 -->
  <testcase classname="glintReports.GlintReportsLogin" name="TC_003" time="0.0">
    <ignored/>
  </testcase> <!-- TC_003 -->
  <testcase classname="glintReports.GlintReportsLogin" name="TC_00" time="0.0">
    <ignored/>
  </testcase> <!-- TC_00 -->
</testsuite> <!-- Default test -->
