<?xml version="1.0" encoding="UTF-8"?>
<testng-results ignored="10" total="11" passed="1" failed="0" skipped="0">
  <reporter-output>
  </reporter-output>
  <suite started-at="2024-11-27T22:46:10 IST" name="Default suite" finished-at="2024-11-27T22:47:14 IST" duration-ms="64653">
    <groups>
    </groups>
    <test started-at="2024-11-27T22:46:10 IST" name="Default test" finished-at="2024-11-27T22:47:14 IST" duration-ms="64653">
      <class name="glintReports.GlintReportsLogin">
        <test-method is-config="true" signature="open()[pri:0, instance:glintReports.GlintReportsLogin@6bedbc4d]" started-at="2024-11-27T22:46:10 IST" name="open" finished-at="2024-11-27T22:46:59 IST" duration-ms="49073" status="PASS">
          <reporter-output>
          </reporter-output>
        </test-method> <!-- open -->
        <test-method signature="TC_010()[pri:0, instance:glintReports.GlintReportsLogin@6bedbc4d]" started-at="2024-11-27T22:46:59 IST" name="TC_010" finished-at="2024-11-27T22:47:14 IST" duration-ms="15524" status="PASS">
          <reporter-output>
          </reporter-output>
        </test-method> <!-- TC_010 -->
      </class> <!-- glintReports.GlintReportsLogin -->
    </test> <!-- Default test -->
  </suite> <!-- Default suite -->
</testng-results>
